This is pdfTeX, Version 3.1415926-2.3-1.40.12 (TeX Live 2011) (format=pdflatex 2011.7.3)  3 MAR 2018 11:19
entering extended mode
 restricted \write18 enabled.
 %&-line parsing enabled.
**diss.tex
(./diss.tex
LaTeX2e <2009/09/24>
Babel <v3.8l> and hyphenation patterns for english, dumylang, nohyphenation, ge
rman-x-2009-06-19, ngerman-x-2009-06-19, afrikaans, ancientgreek, ibycus, arabi
c, armenian, basque, bulgarian, catalan, pinyin, coptic, croatian, czech, danis
h, dutch, ukenglish, usenglishmax, esperanto, estonian, ethiopic, farsi, finnis
h, french, galician, german, ngerman, swissgerman, monogreek, greek, hungarian,
 icelandic, assamese, bengali, gujarati, hindi, kannada, malayalam, marathi, or
iya, panjabi, tamil, telugu, indonesian, interlingua, irish, italian, kurmanji,
 lao, latin, latvian, lithuanian, mongolian, mongolianlmc, bokmal, nynorsk, pol
ish, portuguese, romanian, russian, sanskrit, serbian, serbianc, slovak, sloven
ian, spanish, swedish, turkish, turkmen, ukrainian, uppersorbian, welsh, loaded
.
(./common/preamble.tex
(/usr/local/texlive/2011/texmf-dist/tex/latex/base/report.cls
Document Class: report 2007/10/19 v1.4h Standard LaTeX document class
(/usr/local/texlive/2011/texmf-dist/tex/latex/base/size11.clo
File: size11.clo 2007/10/19 v1.4h Standard LaTeX file (size option)
)
\c@part=\count79
\c@chapter=\count80
\c@section=\count81
\c@subsection=\count82
\c@subsubsection=\count83
\c@paragraph=\count84
\c@subparagraph=\count85
\c@figure=\count86
\c@table=\count87
\abovecaptionskip=\skip41
\belowcaptionskip=\skip42
\bibindent=\dimen102
)
(/usr/local/texlive/2011/texmf-dist/tex/latex/geometry/geometry.sty
Package: geometry 2010/09/12 v5.6 Page Geometry

(/usr/local/texlive/2011/texmf-dist/tex/latex/graphics/keyval.sty
Package: keyval 1999/03/16 v1.13 key=value parser (DPC)
\KV@toks@=\toks14
)
(/usr/local/texlive/2011/texmf-dist/tex/generic/oberdiek/ifpdf.sty
Package: ifpdf 2011/01/30 v2.3 Provides the ifpdf switch (HO)
Package ifpdf Info: pdfTeX in PDF mode is detected.
)
(/usr/local/texlive/2011/texmf-dist/tex/generic/oberdiek/ifvtex.sty
Package: ifvtex 2010/03/01 v1.5 Switches for detecting VTeX and its modes (HO)
Package ifvtex Info: VTeX not detected.
)
(/usr/local/texlive/2011/texmf-dist/tex/generic/ifxetex/ifxetex.sty
Package: ifxetex 2010/09/12 v0.6 Provides ifxetex conditional
)
\Gm@cnth=\count88
\Gm@cntv=\count89
\c@Gm@tempcnt=\count90
\Gm@bindingoffset=\dimen103
\Gm@wd@mp=\dimen104
\Gm@odd@mp=\dimen105
\Gm@even@mp=\dimen106
\Gm@layoutwidth=\dimen107
\Gm@layoutheight=\dimen108
\Gm@layouthoffset=\dimen109
\Gm@layoutvoffset=\dimen110
\Gm@dimlist=\toks15
)
(/usr/local/texlive/2011/texmf-dist/tex/latex/setspace/setspace.sty
Package: setspace 2000/12/01 6.7 Contributed and Supported LaTeX2e package

Package: `setspace' 6.7 <2000/12/01>
) (/usr/local/texlive/2011/texmf-dist/tex/latex/titlesec/titlesec.sty
Package: titlesec 2007/08/12 v2.8 Sectioning titles
\ttl@box=\box26
\beforetitleunit=\skip43
\aftertitleunit=\skip44
\ttl@plus=\dimen111
\ttl@minus=\dimen112
\ttl@toksa=\toks16
\titlewidth=\dimen113
\titlewidthlast=\dimen114
\titlewidthfirst=\dimen115
)
(/usr/local/texlive/2011/texmf-dist/tex/latex/tocloft/tocloft.sty
Package: tocloft 2010/10/13 v2.3e parameterised ToC, etc., typesetting
Package tocloft Info: The document has chapter divisions on input line 43.
\cftparskip=\skip45
\cftbeforetoctitleskip=\skip46
\cftaftertoctitleskip=\skip47
\cftbeforepartskip=\skip48
\cftpartnumwidth=\skip49
\cftpartindent=\skip50
\cftbeforechapskip=\skip51
\cftchapindent=\skip52
\cftchapnumwidth=\skip53
\cftbeforesecskip=\skip54
\cftsecindent=\skip55
\cftsecnumwidth=\skip56
\cftbeforesubsecskip=\skip57
\cftsubsecindent=\skip58
\cftsubsecnumwidth=\skip59
\cftbeforesubsubsecskip=\skip60
\cftsubsubsecindent=\skip61
\cftsubsubsecnumwidth=\skip62
\cftbeforeparaskip=\skip63
\cftparaindent=\skip64
\cftparanumwidth=\skip65
\cftbeforesubparaskip=\skip66
\cftsubparaindent=\skip67
\cftsubparanumwidth=\skip68
\cftbeforeloftitleskip=\skip69
\cftafterloftitleskip=\skip70
\cftbeforefigskip=\skip71
\cftfigindent=\skip72
\cftfignumwidth=\skip73
\cftbeforelottitleskip=\skip74
\cftafterlottitleskip=\skip75
\cftbeforetabskip=\skip76
\cfttabindent=\skip77
\cfttabnumwidth=\skip78
\cftbeforesubfigskip=\skip79
\cftsubfigindent=\skip80
\cftsubfignumwidth=\skip81
\cftbeforesubtabskip=\skip82
\cftsubtabindent=\skip83
\cftsubtabnumwidth=\skip84
)
(/usr/local/texlive/2011/texmf-dist/tex/latex/natbib/natbib.sty
Package: natbib 2010/09/13 8.31b (PWD, AO)
\bibhang=\skip85
\bibsep=\skip86
LaTeX Info: Redefining \cite on input line 694.
\c@NAT@ctr=\count91
)
(/usr/local/texlive/2011/texmf-dist/tex/generic/bibtex/apalike.sty)
(/usr/local/texlive/2011/texmf-dist/tex/latex/natbib/bibentry.sty
Package: bibentry 2007/10/30 1.5 (PWD)
) (./diss.bbl) (/usr/local/texlive/2011/texmf-dist/tex/latex/subfigure/subfigur
e.sty
Package: subfigure 2002/03/15 v2.1.5 subfigure package
\subfigtopskip=\skip87
\subfigcapskip=\skip88
\subfigcaptopadj=\dimen116
\subfigbottomskip=\skip89
\subfigcapmargin=\dimen117
\subfiglabelskip=\skip90
\c@subfigure=\count92
\c@lofdepth=\count93
\c@subtable=\count94
\c@lotdepth=\count95

****************************************
* Local config file subfigure.cfg used *
****************************************
(/usr/local/texlive/2011/texmf-dist/tex/latex/subfigure/subfigure.cfg)
\subfig@top=\skip91
\subfig@bottom=\skip92
)
(/usr/local/texlive/2011/texmf-dist/tex/latex/graphics/epsfig.sty
Package: epsfig 1999/02/16 v1.7a (e)psfig emulation (SPQR)

(/usr/local/texlive/2011/texmf-dist/tex/latex/graphics/graphicx.sty
Package: graphicx 1999/02/16 v1.0f Enhanced LaTeX Graphics (DPC,SPQR)

(/usr/local/texlive/2011/texmf-dist/tex/latex/graphics/graphics.sty
Package: graphics 2009/02/05 v1.0o Standard LaTeX Graphics (DPC,SPQR)

(/usr/local/texlive/2011/texmf-dist/tex/latex/graphics/trig.sty
Package: trig 1999/03/16 v1.09 sin cos tan (DPC)
)
(/usr/local/texlive/2011/texmf-dist/tex/latex/latexconfig/graphics.cfg
File: graphics.cfg 2010/04/23 v1.9 graphics configuration of TeX Live
)
Package graphics Info: Driver file: pdftex.def on input line 91.

(/usr/local/texlive/2011/texmf-dist/tex/latex/pdftex-def/pdftex.def
File: pdftex.def 2011/05/27 v0.06d Graphics/color for pdfTeX

(/usr/local/texlive/2011/texmf-dist/tex/generic/oberdiek/infwarerr.sty
Package: infwarerr 2010/04/08 v1.3 Providing info/warning/message (HO)
)
(/usr/local/texlive/2011/texmf-dist/tex/generic/oberdiek/ltxcmds.sty
Package: ltxcmds 2011/04/18 v1.20 LaTeX kernel commands for general use (HO)
)
\Gread@gobject=\count96
))
\Gin@req@height=\dimen118
\Gin@req@width=\dimen119
)
\epsfxsize=\dimen120
\epsfysize=\dimen121
)
(/usr/local/texlive/2011/texmf-dist/tex/latex/booktabs/booktabs.sty
Package: booktabs 2005/04/14 v1.61803 publication quality tables
\heavyrulewidth=\dimen122
\lightrulewidth=\dimen123
\cmidrulewidth=\dimen124
\belowrulesep=\dimen125
\belowbottomsep=\dimen126
\aboverulesep=\dimen127
\abovetopsep=\dimen128
\cmidrulesep=\dimen129
\cmidrulekern=\dimen130
\defaultaddspace=\dimen131
\@cmidla=\count97
\@cmidlb=\count98
\@aboverulesep=\dimen132
\@belowrulesep=\dimen133
\@thisruleclass=\count99
\@lastruleclass=\count100
\@thisrulewidth=\dimen134
)
(/usr/local/texlive/2011/texmf-dist/tex/latex/tools/multicol.sty
Package: multicol 2008/12/05 v1.6h multicolumn formatting (FMi)
\c@tracingmulticols=\count101
\mult@box=\box27
\multicol@leftmargin=\dimen135
\c@unbalance=\count102
\c@collectmore=\count103
\doublecol@number=\count104
\multicoltolerance=\count105
\multicolpretolerance=\count106
\full@width=\dimen136
\page@free=\dimen137
\premulticols=\dimen138
\postmulticols=\dimen139
\multicolsep=\skip93
\multicolbaselineskip=\skip94
\partial@page=\box28
\last@line=\box29
\mult@rightbox=\box30
\mult@grightbox=\box31
\mult@gfirstbox=\box32
\mult@firstbox=\box33
\@tempa=\box34
\@tempa=\box35
\@tempa=\box36
\@tempa=\box37
\@tempa=\box38
\@tempa=\box39
\@tempa=\box40
\@tempa=\box41
\@tempa=\box42
\@tempa=\box43
\@tempa=\box44
\@tempa=\box45
\@tempa=\box46
\@tempa=\box47
\@tempa=\box48
\@tempa=\box49
\@tempa=\box50
\c@columnbadness=\count107
\c@finalcolumnbadness=\count108
\last@try=\dimen140
\multicolovershoot=\dimen141
\multicolundershoot=\dimen142
\mult@nat@firstbox=\box51
\colbreak@box=\box52
)
(/usr/local/texlive/2011/texmf-dist/tex/latex/listings/listings.sty
\lst@mode=\count109
\lst@gtempboxa=\box53
\lst@token=\toks17
\lst@length=\count110
\lst@currlwidth=\dimen143
\lst@column=\count111
\lst@pos=\count112
\lst@lostspace=\dimen144
\lst@width=\dimen145
\lst@newlines=\count113
\lst@lineno=\count114
\lst@maxwidth=\dimen146

(/usr/local/texlive/2011/texmf-dist/tex/latex/listings/lstmisc.sty
File: lstmisc.sty 2007/02/22 1.4 (Carsten Heinz)
\c@lstnumber=\count115
\lst@skipnumbers=\count116
\lst@framebox=\box54
)
(/usr/local/texlive/2011/texmf-dist/tex/latex/listings/listings.cfg
File: listings.cfg 2007/02/22 1.4 listings configuration
))
Package: listings 2007/02/22 1.4 (Carsten Heinz)

(/usr/local/texlive/2011/texmf-dist/tex/latex/xcolor/xcolor.sty
Package: xcolor 2007/01/21 v2.11 LaTeX color extensions (UK)

(/usr/local/texlive/2011/texmf-dist/tex/latex/latexconfig/color.cfg
File: color.cfg 2007/01/18 v1.5 color configuration of teTeX/TeXLive
)
Package xcolor Info: Driver file: pdftex.def on input line 225.

(/usr/local/texlive/2011/texmf-dist/tex/latex/colortbl/colortbl.sty
Package: colortbl 2001/02/13 v0.1j Color table columns (DPC)

(/usr/local/texlive/2011/texmf-dist/tex/latex/tools/array.sty
Package: array 2008/09/09 v2.4c Tabular extension package (FMi)
\col@sep=\dimen147
\extrarowheight=\dimen148
\NC@list=\toks18
\extratabsurround=\skip95
\backup@length=\skip96
)
\everycr=\toks19
\minrowclearance=\skip97
)
\rownum=\count117
Package xcolor Info: Model `cmy' substituted by `cmy0' on input line 1337.
Package xcolor Info: Model `hsb' substituted by `rgb' on input line 1341.
Package xcolor Info: Model `RGB' extended on input line 1353.
Package xcolor Info: Model `HTML' substituted by `rgb' on input line 1355.
Package xcolor Info: Model `Hsb' substituted by `hsb' on input line 1356.
Package xcolor Info: Model `tHsb' substituted by `hsb' on input line 1357.
Package xcolor Info: Model `HSB' substituted by `hsb' on input line 1358.
Package xcolor Info: Model `Gray' substituted by `gray' on input line 1359.
Package xcolor Info: Model `wave' substituted by `hsb' on input line 1360.
)
(/usr/local/texlive/2011/texmf-dist/tex/latex/amscls/amsthm.sty
Package: amsthm 2009/07/02 v2.20.1
\thm@style=\toks20
\thm@bodyfont=\toks21
\thm@headfont=\toks22
\thm@notefont=\toks23
\thm@headpunct=\toks24
\thm@preskip=\skip98
\thm@postskip=\skip99
\thm@headsep=\skip100
\dth@everypar=\toks25
)
(/usr/local/texlive/2011/texmf-dist/tex/latex/amsmath/amsmath.sty
Package: amsmath 2000/07/18 v2.13 AMS math features
\@mathmargin=\skip101

For additional information on amsmath, use the `?' option.
(/usr/local/texlive/2011/texmf-dist/tex/latex/amsmath/amstext.sty
Package: amstext 2000/06/29 v2.01

(/usr/local/texlive/2011/texmf-dist/tex/latex/amsmath/amsgen.sty
File: amsgen.sty 1999/11/30 v2.0
\@emptytoks=\toks26
\ex@=\dimen149
))
(/usr/local/texlive/2011/texmf-dist/tex/latex/amsmath/amsbsy.sty
Package: amsbsy 1999/11/29 v1.2d
\pmbraise@=\dimen150
)
(/usr/local/texlive/2011/texmf-dist/tex/latex/amsmath/amsopn.sty
Package: amsopn 1999/12/14 v2.01 operator names
)
\inf@bad=\count118
LaTeX Info: Redefining \frac on input line 211.
\uproot@=\count119
\leftroot@=\count120
LaTeX Info: Redefining \overline on input line 307.
\classnum@=\count121
\DOTSCASE@=\count122
LaTeX Info: Redefining \ldots on input line 379.
LaTeX Info: Redefining \dots on input line 382.
LaTeX Info: Redefining \cdots on input line 467.
\Mathstrutbox@=\box55
\strutbox@=\box56
\big@size=\dimen151
LaTeX Font Info:    Redeclaring font encoding OML on input line 567.
LaTeX Font Info:    Redeclaring font encoding OMS on input line 568.
\macc@depth=\count123
\c@MaxMatrixCols=\count124
\dotsspace@=\muskip10
\c@parentequation=\count125
\dspbrk@lvl=\count126
\tag@help=\toks27
\row@=\count127
\column@=\count128
\maxfields@=\count129
\andhelp@=\toks28
\eqnshift@=\dimen152
\alignsep@=\dimen153
\tagshift@=\dimen154
\tagwidth@=\dimen155
\totwidth@=\dimen156
\lineht@=\dimen157
\@envbody=\toks29
\multlinegap=\skip102
\multlinetaggap=\skip103
\mathdisplay@stack=\toks30
LaTeX Info: Redefining \[ on input line 2666.
LaTeX Info: Redefining \] on input line 2667.
)
(/usr/local/texlive/2011/texmf-dist/tex/latex/amsfonts/amssymb.sty
Package: amssymb 2009/06/22 v3.00

(/usr/local/texlive/2011/texmf-dist/tex/latex/amsfonts/amsfonts.sty
Package: amsfonts 2009/06/22 v3.00 Basic AMSFonts support
\symAMSa=\mathgroup4
\symAMSb=\mathgroup5
LaTeX Font Info:    Overwriting math alphabet `\mathfrak' in version `bold'
(Font)                  U/euf/m/n --> U/euf/b/n on input line 96.
))
(/usr/local/texlive/2011/texmf-dist/tex/latex/mh/mathtools.sty
Package: mathtools 2011/02/12 v1.10 mathematical typesetting tools

(/usr/local/texlive/2011/texmf-dist/tex/latex/tools/calc.sty
Package: calc 2007/08/22 v4.3 Infix arithmetic (KKT,FJ)
\calc@Acount=\count130
\calc@Bcount=\count131
\calc@Adimen=\dimen158
\calc@Bdimen=\dimen159
\calc@Askip=\skip104
\calc@Bskip=\skip105
LaTeX Info: Redefining \setlength on input line 76.
LaTeX Info: Redefining \addtolength on input line 77.
\calc@Ccount=\count132
\calc@Cskip=\skip106
)
(/usr/local/texlive/2011/texmf-dist/tex/latex/mh/mhsetup.sty
Package: mhsetup 2010/01/21 v1.2a programming setup (MH)
)
\g_MT_multlinerow_int=\count133
\l_MT_multwidth_dim=\dimen160
\origjot=\skip107
\l_MT_shortvdotswithinadjustabove_dim=\dimen161
\l_MT_shortvdotswithinadjustbelow_dim=\dimen162
)
(/usr/local/texlive/2011/texmf-dist/tex/latex/psnfss/times.sty
Package: times 2005/04/12 PSNFSS-v9.2a (SPQR) 
)
(/usr/local/texlive/2011/texmf-dist/tex/latex/microtype/microtype.sty
Package: microtype 2010/01/10 v2.4 Micro-typography with pdfTeX (RS)
\MT@toks=\toks31
\MT@count=\count134
LaTeX Info: Redefining \lsstyle on input line 1597.
LaTeX Info: Redefining \lslig on input line 1597.
\MT@outer@space=\skip108
LaTeX Info: Redefining \textls on input line 1605.
\MT@outer@kern=\dimen163
LaTeX Info: Redefining \textmicrotypecontext on input line 2156.
Package microtype Info: Loading configuration file microtype.cfg.

(/usr/local/texlive/2011/texmf-dist/tex/latex/microtype/microtype.cfg
File: microtype.cfg 2010/01/10 v2.4 microtype main configuration file (RS)
))
(/usr/local/texlive/2011/texmf-dist/tex/latex/base/textcomp.sty
Package: textcomp 2005/09/27 v1.99g Standard LaTeX package
Package textcomp Info: Sub-encoding information:
(textcomp)               5 = only ISO-Adobe without \textcurrency
(textcomp)               4 = 5 + \texteuro
(textcomp)               3 = 4 + \textohm
(textcomp)               2 = 3 + \textestimated + \textcurrency
(textcomp)               1 = TS1 - \textcircled - \t
(textcomp)               0 = TS1 (full)
(textcomp)             Font families with sub-encoding setting implement
(textcomp)             only a restricted character set as indicated.
(textcomp)             Family '?' is the default used for unknown fonts.
(textcomp)             See the documentation for details.
Package textcomp Info: Setting ? sub-encoding to TS1/1 on input line 71.

(/usr/local/texlive/2011/texmf-dist/tex/latex/base/ts1enc.def
File: ts1enc.def 2001/06/05 v3.0e (jk/car/fm) Standard LaTeX file
)
LaTeX Info: Redefining \oldstylenums on input line 266.
Package textcomp Info: Setting cmr sub-encoding to TS1/0 on input line 281.
Package textcomp Info: Setting cmss sub-encoding to TS1/0 on input line 282.
Package textcomp Info: Setting cmtt sub-encoding to TS1/0 on input line 283.
Package textcomp Info: Setting cmvtt sub-encoding to TS1/0 on input line 284.
Package textcomp Info: Setting cmbr sub-encoding to TS1/0 on input line 285.
Package textcomp Info: Setting cmtl sub-encoding to TS1/0 on input line 286.
Package textcomp Info: Setting ccr sub-encoding to TS1/0 on input line 287.
Package textcomp Info: Setting ptm sub-encoding to TS1/4 on input line 288.
Package textcomp Info: Setting pcr sub-encoding to TS1/4 on input line 289.
Package textcomp Info: Setting phv sub-encoding to TS1/4 on input line 290.
Package textcomp Info: Setting ppl sub-encoding to TS1/3 on input line 291.
Package textcomp Info: Setting pag sub-encoding to TS1/4 on input line 292.
Package textcomp Info: Setting pbk sub-encoding to TS1/4 on input line 293.
Package textcomp Info: Setting pnc sub-encoding to TS1/4 on input line 294.
Package textcomp Info: Setting pzc sub-encoding to TS1/4 on input line 295.
Package textcomp Info: Setting bch sub-encoding to TS1/4 on input line 296.
Package textcomp Info: Setting put sub-encoding to TS1/5 on input line 297.
Package textcomp Info: Setting uag sub-encoding to TS1/5 on input line 298.
Package textcomp Info: Setting ugq sub-encoding to TS1/5 on input line 299.
Package textcomp Info: Setting ul8 sub-encoding to TS1/4 on input line 300.
Package textcomp Info: Setting ul9 sub-encoding to TS1/4 on input line 301.
Package textcomp Info: Setting augie sub-encoding to TS1/5 on input line 302.
Package textcomp Info: Setting dayrom sub-encoding to TS1/3 on input line 303.
Package textcomp Info: Setting dayroms sub-encoding to TS1/3 on input line 304.

Package textcomp Info: Setting pxr sub-encoding to TS1/0 on input line 305.
Package textcomp Info: Setting pxss sub-encoding to TS1/0 on input line 306.
Package textcomp Info: Setting pxtt sub-encoding to TS1/0 on input line 307.
Package textcomp Info: Setting txr sub-encoding to TS1/0 on input line 308.
Package textcomp Info: Setting txss sub-encoding to TS1/0 on input line 309.
Package textcomp Info: Setting txtt sub-encoding to TS1/0 on input line 310.
Package textcomp Info: Setting futs sub-encoding to TS1/4 on input line 311.
Package textcomp Info: Setting futx sub-encoding to TS1/4 on input line 312.
Package textcomp Info: Setting futj sub-encoding to TS1/4 on input line 313.
Package textcomp Info: Setting hlh sub-encoding to TS1/3 on input line 314.
Package textcomp Info: Setting hls sub-encoding to TS1/3 on input line 315.
Package textcomp Info: Setting hlst sub-encoding to TS1/3 on input line 316.
Package textcomp Info: Setting hlct sub-encoding to TS1/5 on input line 317.
Package textcomp Info: Setting hlx sub-encoding to TS1/5 on input line 318.
Package textcomp Info: Setting hlce sub-encoding to TS1/5 on input line 319.
Package textcomp Info: Setting hlcn sub-encoding to TS1/5 on input line 320.
Package textcomp Info: Setting hlcw sub-encoding to TS1/5 on input line 321.
Package textcomp Info: Setting hlcf sub-encoding to TS1/5 on input line 322.
Package textcomp Info: Setting pplx sub-encoding to TS1/3 on input line 323.
Package textcomp Info: Setting pplj sub-encoding to TS1/3 on input line 324.
Package textcomp Info: Setting ptmx sub-encoding to TS1/4 on input line 325.
Package textcomp Info: Setting ptmj sub-encoding to TS1/4 on input line 326.
)
(/usr/local/texlive/2011/texmf-dist/tex/latex/tools/xspace.sty
Package: xspace 2006/05/08 v1.12 Space after command names (DPC,MH)
)
(/usr/local/texlive/2011/texmf-dist/tex/latex/hyperref/hyperref.sty
Package: hyperref 2011/04/17 v6.82g Hypertext links for LaTeX

(/usr/local/texlive/2011/texmf-dist/tex/generic/oberdiek/hobsub-hyperref.sty
Package: hobsub-hyperref 2011/04/23 v1.4 Bundle oberdiek, subset hyperref (HO)

(/usr/local/texlive/2011/texmf-dist/tex/generic/oberdiek/hobsub-generic.sty
Package: hobsub-generic 2011/04/23 v1.4 Bundle oberdiek, subset generic (HO)
Package: hobsub 2011/04/23 v1.4 Subsetting bundle oberdiek (HO)
Package hobsub Info: Skipping package `infwarerr' (already loaded).
Package hobsub Info: Skipping package `ltxcmds' (already loaded).
Package: ifluatex 2010/03/01 v1.3 Provides the ifluatex switch (HO)
Package ifluatex Info: LuaTeX not detected.
Package hobsub Info: Skipping package `ifvtex' (already loaded).
Package: intcalc 2007/09/27 v1.1 Expandable integer calculations (HO)
Package hobsub Info: Skipping package `ifpdf' (already loaded).
Package: etexcmds 2011/02/16 v1.5 Prefix for e-TeX command names (HO)
Package etexcmds Info: Could not find \expanded.
(etexcmds)             That can mean that you are not using pdfTeX 1.50 or
(etexcmds)             that some package has redefined \expanded.
(etexcmds)             In the latter case, load this package earlier.
Package: kvsetkeys 2011/04/07 v1.13 Key value parser (HO)
Package: kvdefinekeys 2011/04/07 v1.3 Defining keys (HO)
Package: pdftexcmds 2011/04/22 v0.16 Utilities of pdfTeX for LuaTeX (HO)
Package pdftexcmds Info: LuaTeX not detected.
Package pdftexcmds Info: \pdf@primitive is available.
Package pdftexcmds Info: \pdf@ifprimitive is available.
Package pdftexcmds Info: \pdfdraftmode found.
Package: pdfescape 2011/04/04 v1.12 Provides string conversions (HO)
Package: bigintcalc 2011/01/30 v1.2 Expandable big integer calculations (HO)
Package: bitset 2011/01/30 v1.1 Data type bit set (HO)
Package: uniquecounter 2011/01/30 v1.2 Provides unlimited unique counter (HO)
)
Package hobsub Info: Skipping package `hobsub' (already loaded).
Package: letltxmacro 2010/09/02 v1.4 Let assignment for LaTeX macros (HO)
Package: hopatch 2011/01/30 v1.0 Wrapper for package hooks (HO)
Package: xcolor-patch 2011/01/30 xcolor patch
Package: atveryend 2011/04/23 v1.7 Hooks at very end of document (HO)
Package atveryend Info: \enddocument detected (standard).
Package: atbegshi 2011/01/30 v1.15 At begin shipout hook (HO)
Package: refcount 2010/12/01 v3.2 Data extraction from references (HO)
Package: hycolor 2011/01/30 v1.7 Color options of hyperref/bookmark (HO)
)
(/usr/local/texlive/2011/texmf-dist/tex/latex/oberdiek/kvoptions.sty
Package: kvoptions 2010/12/23 v3.10 Keyval support for LaTeX options (HO)
)
\@linkdim=\dimen164
\Hy@linkcounter=\count135
\Hy@pagecounter=\count136

(/usr/local/texlive/2011/texmf-dist/tex/latex/hyperref/pd1enc.def
File: pd1enc.def 2011/04/17 v6.82g Hyperref: PDFDocEncoding definition (HO)
)
\Hy@SavedSpaceFactor=\count137

(/usr/local/texlive/2011/texmf-dist/tex/latex/latexconfig/hyperref.cfg
File: hyperref.cfg 2002/06/06 v1.2 hyperref configuration of TeXLive
)
Package hyperref Info: Hyper figures OFF on input line 4026.
Package hyperref Info: Link nesting OFF on input line 4031.
Package hyperref Info: Hyper index ON on input line 4034.
Package hyperref Info: Plain pages OFF on input line 4041.
Package hyperref Info: Backreferencing OFF on input line 4046.
Package hyperref Info: Implicit mode ON; LaTeX internals redefined.
Package hyperref Info: Bookmarks ON on input line 4264.
\c@Hy@tempcnt=\count138

(/usr/local/texlive/2011/texmf-dist/tex/latex/url/url.sty
\Urlmuskip=\muskip11
Package: url 2006/04/12  ver 3.3  Verb mode for urls, etc.
)
LaTeX Info: Redefining \url on input line 4617.
\Fld@menulength=\count139
\Field@Width=\dimen165
\Fld@charsize=\dimen166
Package hyperref Info: Hyper figures OFF on input line 5701.
Package hyperref Info: Link nesting OFF on input line 5706.
Package hyperref Info: Hyper index ON on input line 5709.
Package hyperref Info: backreferencing OFF on input line 5716.
Package hyperref Info: Link coloring OFF on input line 5721.
Package hyperref Info: Link coloring with OCG OFF on input line 5726.
Package hyperref Info: PDF/A mode OFF on input line 5731.
LaTeX Info: Redefining \ref on input line 5771.
LaTeX Info: Redefining \pageref on input line 5775.
\Hy@abspage=\count140
\c@Item=\count141
\c@Hfootnote=\count142
)

Package hyperref Message: Driver (autodetected): hpdftex.

(/usr/local/texlive/2011/texmf-dist/tex/latex/hyperref/hpdftex.def
File: hpdftex.def 2011/04/17 v6.82g Hyperref driver for pdfTeX
\Fld@listcount=\count143
\c@bookmark@seq@number=\count144

(/usr/local/texlive/2011/texmf-dist/tex/latex/oberdiek/rerunfilecheck.sty
Package: rerunfilecheck 2011/04/15 v1.7 Rerun checks for auxiliary files (HO)
Package uniquecounter Info: New unique counter `rerunfilecheck' on input line 2
82.
)
\Hy@SectionHShift=\skip109
)
Package hyperref Info: Option `colorlinks' set `false' on input line 50.

(./common/layout.tex) (./common/macros.tex
\c@theorem=\count145
\c@lemma=\count146
\c@definition=\count147
\c@xxexample=\count148
)) (./diss.aux

! Package natbib Error: Bibliography not compatible with author-year citations.

(natbib)                Press <return> to continue in numerical citation style.


See the natbib package documentation for explanation.
Type  H <return>  for immediate help.
 ...                                              
                                                  
l.702 ...and\NAT@force@numbers{}\NAT@force@numbers
                                                  
? 
)
\openout1 = `diss.aux'.

LaTeX Font Info:    Checking defaults for OML/cmm/m/it on input line 3.
LaTeX Font Info:    ... okay on input line 3.
LaTeX Font Info:    Checking defaults for T1/cmr/m/n on input line 3.
LaTeX Font Info:    ... okay on input line 3.
LaTeX Font Info:    Checking defaults for OT1/cmr/m/n on input line 3.
LaTeX Font Info:    ... okay on input line 3.
LaTeX Font Info:    Checking defaults for OMS/cmsy/m/n on input line 3.
LaTeX Font Info:    ... okay on input line 3.
LaTeX Font Info:    Checking defaults for OMX/cmex/m/n on input line 3.
LaTeX Font Info:    ... okay on input line 3.
LaTeX Font Info:    Checking defaults for U/cmr/m/n on input line 3.
LaTeX Font Info:    ... okay on input line 3.
LaTeX Font Info:    Checking defaults for TS1/cmr/m/n on input line 3.
LaTeX Font Info:    Try loading font information for TS1+cmr on input line 3.
 (/usr/local/texlive/2011/texmf-dist/tex/latex/base/ts1cmr.fd
File: ts1cmr.fd 1999/05/25 v2.5h Standard LaTeX font definitions
)
LaTeX Font Info:    ... okay on input line 3.
LaTeX Font Info:    Checking defaults for PD1/pdf/m/n on input line 3.
LaTeX Font Info:    ... okay on input line 3.
LaTeX Font Info:    Try loading font information for OT1+ptm on input line 3.

(/usr/local/texlive/2011/texmf-dist/tex/latex/psnfss/ot1ptm.fd
File: ot1ptm.fd 2001/06/04 font definitions for OT1/ptm.
)
*geometry* driver: auto-detecting
*geometry* detected driver: pdftex
*geometry* verbose mode - [ preamble ] result:
* driver: pdftex
* paper: letterpaper
* layout: <same size as paper>
* layoutoffset:(h,v)=(0.0pt,0.0pt)
* modes: twoside 
* h-part:(L,W,R)=(90.3375pt, 433.62001pt, 90.3375pt)
* v-part:(T,H,B)=(72.26999pt, 650.43001pt, 72.26999pt)
* \paperwidth=614.295pt
* \paperheight=794.96999pt
* \textwidth=433.62001pt
* \textheight=650.43001pt
* \oddsidemargin=18.0675pt
* \evensidemargin=18.0675pt
* \topmargin=0.0pt
* \headheight=0.0pt
* \headsep=0.0pt
* \topskip=11.0pt
* \footskip=30.0pt
* \marginparwidth=113.0pt
* \marginparsep=10.0pt
* \columnsep=10.0pt
* \skip\footins=10.0pt plus 4.0pt minus 2.0pt
* \hoffset=0.0pt
* \voffset=0.0pt
* \mag=1000
* \@twocolumnfalse
* \@twosidetrue
* \@mparswitchtrue
* \@reversemarginfalse
* (1in=72.27pt=25.4mm, 1cm=28.453pt)

(/usr/local/texlive/2011/texmf-dist/tex/context/base/supp-pdf.mkii
[Loading MPS to PDF converter (version 2006.09.02).]
\scratchcounter=\count149
\scratchdimen=\dimen167
\scratchbox=\box57
\nofMPsegments=\count150
\nofMParguments=\count151
\everyMPshowfont=\toks32
\MPscratchCnt=\count152
\MPscratchDim=\dimen168
\MPnumerator=\count153
\makeMPintoPDFobject=\count154
\everyMPtoPDFconversion=\toks33
) (/usr/local/texlive/2011/texmf-dist/tex/latex/oberdiek/epstopdf-base.sty
Package: epstopdf-base 2010/02/09 v2.5 Base part for package epstopdf

(/usr/local/texlive/2011/texmf-dist/tex/latex/oberdiek/grfext.sty
Package: grfext 2010/08/19 v1.1 Managing graphics extensions (HO)
)
Package grfext Info: Graphics extension search list:
(grfext)             [.png,.pdf,.jpg,.mps,.jpeg,.jbig2,.jb2,.PNG,.PDF,.JPG,.JPE
G,.JBIG2,.JB2,.eps]
(grfext)             \AppendGraphicsExtensions on input line 452.

(/usr/local/texlive/2011/texmf-dist/tex/latex/latexconfig/epstopdf-sys.cfg
File: epstopdf-sys.cfg 2010/07/13 v1.3 Configuration of (r)epstopdf for TeX Liv
e
))
\c@lstlisting=\count155
LaTeX Info: Redefining \microtypecontext on input line 3.
Package microtype Info: Generating PDF output.
Package microtype Info: Character protrusion enabled (level 2).
Package microtype Info: Using default protrusion set `alltext'.
Package microtype Info: Automatic font expansion enabled (level 2),
(microtype)             stretch: 20, shrink: 20, step: 1, non-selected.
Package microtype Info: Using default expansion set `basictext'.
Package microtype Info: No tracking.
Package microtype Info: No adjustment of interword spacing.
Package microtype Info: No adjustment of character kerning.

(/usr/local/texlive/2011/texmf-dist/tex/latex/microtype/mt-ptm.cfg
File: mt-ptm.cfg 2006/04/20 v1.7 microtype config. file: Times (RS)
)
\AtBeginShipoutBox=\box58
Package hyperref Info: Link coloring OFF on input line 3.

(/usr/local/texlive/2011/texmf-dist/tex/latex/hyperref/nameref.sty
Package: nameref 2010/04/30 v2.40 Cross-referencing by name of section

(/usr/local/texlive/2011/texmf-dist/tex/generic/oberdiek/gettitlestring.sty
Package: gettitlestring 2010/12/03 v1.4 Cleanup title references (HO)
)
\c@section@level=\count156
)
LaTeX Info: Redefining \ref on input line 3.
LaTeX Info: Redefining \pageref on input line 3.
LaTeX Info: Redefining \nameref on input line 3.

(./diss.out) (./diss.out)
\@outlinefile=\write3
\openout3 = `diss.out'.

 (./frontmatter/pages.tex
*geometry* verbose mode - [ newgeometry ] result:
* driver: pdftex
* paper: letterpaper
* layout: <same size as paper>
* layoutoffset:(h,v)=(0.0pt,0.0pt)
* modes: twoside 
* h-part:(L,W,R)=(90.3375pt, 433.62001pt, 90.3375pt)
* v-part:(T,H,B)=(144.54pt, 578.16pt, 72.26999pt)
* \paperwidth=614.295pt
* \paperheight=794.96999pt
* \textwidth=433.62001pt
* \textheight=578.16pt
* \oddsidemargin=18.0675pt
* \evensidemargin=18.0675pt
* \topmargin=72.27pt
* \headheight=0.0pt
* \headsep=0.0pt
* \topskip=11.0pt
* \footskip=30.0pt
* \marginparwidth=113.0pt
* \marginparsep=10.0pt
* \columnsep=10.0pt
* \skip\footins=10.0pt plus 4.0pt minus 2.0pt
* \hoffset=0.0pt
* \voffset=0.0pt
* \mag=1000
* \@twocolumnfalse
* \@twosidetrue
* \@mparswitchtrue
* \@reversemarginfalse
* (1in=72.27pt=25.4mm, 1cm=28.453pt)

 (./frontmatter/titlepage.tex
LaTeX Font Info:    Font shape `OT1/ptm/bx/n' in size <14.4> not available
(Font)              Font shape `OT1/ptm/b/n' tried instead on input line 8.
[1


{/usr/local/texlive/2011/texmf-var/fonts/map/pdftex/updmap/pdftex.map}])
*geometry* verbose mode - [ newgeometry ] result:
* driver: pdftex
* paper: letterpaper
* layout: <same size as paper>
* layoutoffset:(h,v)=(0.0pt,0.0pt)
* modes: twoside 
* h-part:(L,W,R)=(90.3375pt, 433.62001pt, 90.3375pt)
* v-part:(T,H,B)=(602.00923pt, 120.69077pt, 72.26999pt)
* \paperwidth=614.295pt
* \paperheight=794.96999pt
* \textwidth=433.62001pt
* \textheight=120.69077pt
* \oddsidemargin=18.0675pt
* \evensidemargin=18.0675pt
* \topmargin=529.73924pt
* \headheight=0.0pt
* \headsep=0.0pt
* \topskip=11.0pt
* \footskip=30.0pt
* \marginparwidth=113.0pt
* \marginparsep=10.0pt
* \columnsep=10.0pt
* \skip\footins=10.0pt plus 4.0pt minus 2.0pt
* \hoffset=0.0pt
* \voffset=0.0pt
* \mag=1000
* \@twocolumnfalse
* \@twosidetrue
* \@mparswitchtrue
* \@reversemarginfalse
* (1in=72.27pt=25.4mm, 1cm=28.453pt)


(./frontmatter/copyright.tex
LaTeX Font Info:    Try loading font information for TS1+ptm on input line 9.

(/usr/local/texlive/2011/texmf-dist/tex/latex/psnfss/ts1ptm.fd
File: ts1ptm.fd 2001/06/04 font definitions for TS1/ptm.
) [2

])
*geometry* verbose mode - [ newgeometry ] result:
* driver: pdftex
* paper: letterpaper
* layout: <same size as paper>
* layoutoffset:(h,v)=(0.0pt,0.0pt)
* modes: twoside 
* h-part:(L,W,R)=(90.3375pt, 433.62001pt, 90.3375pt)
* v-part:(T,H,B)=(144.54pt, 578.16pt, 72.26999pt)
* \paperwidth=614.295pt
* \paperheight=794.96999pt
* \textwidth=433.62001pt
* \textheight=578.16pt
* \oddsidemargin=18.0675pt
* \evensidemargin=18.0675pt
* \topmargin=72.27pt
* \headheight=0.0pt
* \headsep=0.0pt
* \topskip=11.0pt
* \footskip=30.0pt
* \marginparwidth=113.0pt
* \marginparsep=10.0pt
* \columnsep=10.0pt
* \skip\footins=10.0pt plus 4.0pt minus 2.0pt
* \hoffset=0.0pt
* \voffset=0.0pt
* \mag=1000
* \@twocolumnfalse
* \@twosidetrue
* \@mparswitchtrue
* \@reversemarginfalse
* (1in=72.27pt=25.4mm, 1cm=28.453pt)


(./frontmatter/abstract.tex [3



]) (./frontmatter/dedication.tex) [4

]
(./frontmatter/acknowledgement.tex [5] [6]) (./frontmatter/contents.tex
(./diss.toc (/usr/local/texlive/2011/texmf-dist/tex/latex/microtype/mt-cmr.cfg
File: mt-cmr.cfg 2009/11/09 v2.0 microtype config. file: Computer Modern Roman 
(RS)
)
LaTeX Font Info:    Try loading font information for U+msa on input line 1.
(/usr/local/texlive/2011/texmf-dist/tex/latex/amsfonts/umsa.fd
File: umsa.fd 2009/06/22 v3.00 AMS symbols A
)
(/usr/local/texlive/2011/texmf-dist/tex/latex/microtype/mt-msa.cfg
File: mt-msa.cfg 2006/02/04 v1.1 microtype config. file: AMS symbols (a) (RS)
)
LaTeX Font Info:    Try loading font information for U+msb on input line 1.

(/usr/local/texlive/2011/texmf-dist/tex/latex/amsfonts/umsb.fd
File: umsb.fd 2009/06/22 v3.00 AMS symbols B
)
(/usr/local/texlive/2011/texmf-dist/tex/latex/microtype/mt-msb.cfg
File: mt-msb.cfg 2005/06/01 v1.0 microtype config. file: AMS symbols (b) (RS)
) [7

]
[8] [9] [10] [11])
\tf@toc=\write4
\openout4 = `diss.toc'.

 [12]) (./frontmatter/tables.tex (./diss.lot
LaTeX Font Info:    Font shape `OT1/ptm/bx/n' in size <10.95> not available
(Font)              Font shape `OT1/ptm/b/n' tried instead on input line 2.
)
\tf@lot=\write5
\openout5 = `diss.lot'.

 [13

])
(./frontmatter/figures.tex (./diss.lof
LaTeX Font Info:    Try loading font information for OT1+pcr on input line 3.

(/usr/local/texlive/2011/texmf-dist/tex/latex/psnfss/ot1pcr.fd
File: ot1pcr.fd 2001/06/04 font definitions for OT1/pcr.
)
LaTeX Font Info:    Font shape `OT1/pcr/m/it' in size <10.95> not available
(Font)              Font shape `OT1/pcr/m/sl' tried instead on input line 3.
 [14

]
Overfull \hbox (3.54439pt too wide) in paragraph at lines 12--12
 [][] [][]\OT1/ptm/b/n/10.95 Objective of strata mul-ti-layer stochas-tic block
 model (sMLSBM)\OT1/ptm/m/n/10.95 (-20) . Each 
 []

[15] [16] [17] [18] [19] [20] [21] [22] [23])
\tf@lof=\write6
\openout6 = `diss.lof'.

 [24])
(./frontmatter/abbreviations.tex [25

]))
Chapter 1.
LaTeX Font Info:    Font shape `OT1/ptm/bx/n' in size <20.74> not available
(Font)              Font shape `OT1/ptm/b/n' tried instead on input line 12.
[1


]
LaTeX Font Info:    Font shape `OT1/ptm/bx/n' in size <12> not available
(Font)              Font shape `OT1/ptm/b/n' tried instead on input line 19.
 <./figures/CoAuthor.pdf, id=1296, 492.36247pt x 303.58539pt>
File: ./figures/CoAuthor.pdf Graphic file (type pdf)

<use ./figures/CoAuthor.pdf>
Package pdftex.def Info: ./figures/CoAuthor.pdf used on input line 24.
(pdftex.def)             Requested size: 246.18063pt x 151.79231pt.
 [2 <./figures/CoAuthor.pdf>]
<./figures/Hairball.png, id=1327, 378.41376pt x 353.32pt>
File: ./figures/Hairball.png Graphic file (type png)

<use ./figures/Hairball.png>
Package pdftex.def Info: ./figures/Hairball.png used on input line 54.
(pdftex.def)             Requested size: 151.36281pt x 141.32549pt.
 [3]
<./figures/CytometryNet.pdf, id=1340, 409.56664pt x 408.9892pt>
File: ./figures/CytometryNet.pdf Graphic file (type pdf)

<use ./figures/CytometryNet.pdf>
Package pdftex.def Info: ./figures/CytometryNet.pdf used on input line 68.
(pdftex.def)             Requested size: 204.7828pt x 204.4941pt.
 [4 <./figures/Hairball.png>]
<./figures/DegDist.pdf, id=1349, 650.87637pt x 380.26236pt>
File: ./figures/DegDist.pdf Graphic file (type pdf)

<use ./figures/DegDist.pdf>
Package pdftex.def Info: ./figures/DegDist.pdf used on input line 84.
(pdftex.def)             Requested size: 325.4374pt x 190.1307pt.
 [5 <./figures/CytometryNet.pdf>]
<./figures/Centrality.pdf, id=1366, 890.57982pt x 321.72166pt>
File: ./figures/Centrality.pdf Graphic file (type pdf)

<use ./figures/Centrality.pdf>
Package pdftex.def Info: ./figures/Centrality.pdf used on input line 97.
(pdftex.def)             Requested size: 356.22562pt x 128.68637pt.


LaTeX Warning: `!h' float specifier changed to `!ht'.

[6 <./figures/DegDist.pdf>]
Underfull \hbox (badness 10000) in paragraph at lines 117--118

 []


Underfull \hbox (badness 10000) in paragraph at lines 126--127

 []

[7 <./figures/Centrality.pdf>]
<./figures/AssortativeNet.pdf, id=1508, 452.83559pt x 447.2744pt>
File: ./figures/AssortativeNet.pdf Graphic file (type pdf)

<use ./figures/AssortativeNet.pdf>
Package pdftex.def Info: ./figures/AssortativeNet.pdf used on input line 135.
(pdftex.def)             Requested size: 181.13101pt x 178.90659pt.
 [8] [9 <./figures/AssortativeNet.pdf>]
[10] <./figures/clustering.pdf, id=1558, 484.58853pt x 336.01695pt>
File: ./figures/clustering.pdf Graphic file (type pdf)

<use ./figures/clustering.pdf>
Package pdftex.def Info: ./figures/clustering.pdf used on input line 175.
(pdftex.def)             Requested size: 242.29367pt x 168.00806pt.
 [11] [12 <./figures/clustering.pdf, page is rotated 90 degrees>] <./figures/DA
G.png, id=1606, 501.875pt x 301.125pt>
File: ./figures/DAG.png Graphic file (type png)

<use ./figures/DAG.png>
Package pdftex.def Info: ./figures/DAG.png used on input line 195.
(pdftex.def)             Requested size: 150.56366pt x 90.33818pt.
 [13 <./figures/DAG.png>]
<./figures/SBMGraphical.pdf, id=1619, 127.90616pt x 295.53088pt>
File: ./figures/SBMGraphical.pdf Graphic file (type pdf)

<use ./figures/SBMGraphical.pdf>
Package pdftex.def Info: ./figures/SBMGraphical.pdf used on input line 223.
(pdftex.def)             Requested size: 38.37213pt x 88.65994pt.
 [14 <./figures/SBMGraphical.pdf>] [15]
[16] [17] [18] [19] [20]

Package natbib Warning: Citation `Benson' on page 21 undefined on input line 34
8.

[21] [22] [23] [24] [25]
Underfull \hbox (badness 10000) in paragraph at lines 385--387

 []

[26] [27] [28]
LaTeX Font Info:    Font shape `OT1/ptm/bx/it' in size <12> not available
(Font)              Font shape `OT1/ptm/b/it' tried instead on input line 398.

Overfull \hbox (38.47952pt too wide) in paragraph at lines 398--398
 |[]\OT1/ptm/b/n/12 Identification of vir-u-lence fac-tor genes re-lated to an-
tibi-otic re-sis-tance of uropathogenic
 []

[29]
LaTeX Font Info:    Font shape `OT1/ptm/bx/it' in size <10.95> not available
(Font)              Font shape `OT1/ptm/b/it' tried instead on input line 405.
 [30]
Underfull \hbox (badness 6944) in paragraph at lines 430--430
\OT1/ptm/m/n/6 ods ([]), Re-stricted MLSBM
 []


Underfull \hbox (badness 1796) in paragraph at lines 432--432
[]|\OT1/ptm/m/n/6 Pre-processing a net-work into a
 []


Underfull \hbox (badness 1052) in paragraph at lines 434--434
[]|\OT1/ptm/m/n/6 SBM in-fer-ence with a sin-gle at-
 []


Underfull \hbox (badness 2521) in paragraph at lines 434--434
\OT1/ptm/m/n/6 ([]), CESNA: Af-fil-i-a-tion model
 []


Underfull \hbox (badness 1226) in paragraph at lines 436--436
[]|\OT1/ptm/m/n/6 A test to quan-tify the ex-tent to
 []


Underfull \hbox (badness 1226) in paragraph at lines 436--436
\OT1/ptm/m/n/6 which at-tributes and con-nec-tiv-ity
 []

[31]
Underfull \hbox (badness 10000) in paragraph at lines 443--444

 []


Overfull \hbox (0.10905pt too wide) in paragraph at lines 448--449
\OT1/pcr/m/n/10.95 / / journals . aps . org / prl / abstract / 10 . 1103 / Phys
RevLett . 116 . 228301$[] 
 []

[32]
Overfull \hbox (29.44136pt too wide) in paragraph at lines 470--471
[]\OT1/ptm/b/n/10.95 sMLSBM: Fit-ting a mul-ti-layer stochas-tic block model\OT
1/ptm/m/n/10.95 (-20) . []$\OT1/pcr/m/n/10.95 https : / / github . com / stanle
yn /
 []

[33]
Chapter 2.

Overfull \hbox (6.79999pt too wide) in paragraph at lines 481--486
[] 
 []

[34

] [35] [36] [37] [38] [39]
<./figures/Figure_1.pdf, id=1995, 591.14969pt x 516.32516pt>
File: ./figures/Figure_1.pdf Graphic file (type pdf)

<use ./figures/Figure_1.pdf>
Package pdftex.def Info: ./figures/Figure_1.pdf used on input line 546.
(pdftex.def)             Requested size: 216.81pt x 189.36708pt.
 [40] [41 <./figures/Figure_1.pdf>] [42]
<./figures/Figure_2.pdf, id=2071, 499.85454pt x 522.40414pt>
File: ./figures/Figure_2.pdf Graphic file (type pdf)

<use ./figures/Figure_2.pdf>
Package pdftex.def Info: ./figures/Figure_2.pdf used on input line 583.
(pdftex.def)             Requested size: 216.81pt x 226.59032pt.
 [43 <./figures/Figure_2.pdf>] [44]

Package natbib Warning: Citation `Dudin' on page 45 undefined on input line 633
.

[45] [46] [47] <./figures/Figure3.pdf, id=2219, 881.69911pt x 755.43613pt>
File: ./figures/Figure3.pdf Graphic file (type pdf)

<use ./figures/Figure3.pdf>
Package pdftex.def Info: ./figures/Figure3.pdf used on input line 703.
(pdftex.def)             Requested size: 303.53267pt x 260.06091pt.
 [48] [49 <./figures/Figure3.pdf>] [50]
Underfull \hbox (badness 10000) in paragraph at lines 749--754

 []

<./figures/Figure4.pdf, id=2294, 614.295pt x 544.0325pt>
File: ./figures/Figure4.pdf Graphic file (type pdf)

<use ./figures/Figure4.pdf>
Package pdftex.def Info: ./figures/Figure4.pdf used on input line 760.
(pdftex.def)             Requested size: 303.53267pt x 268.8196pt.
 [51] [52 <./figures/Figure4.pdf>] [53]
<./figures/Fig5.pdf, id=2346, 434.24594pt x 383.1373pt>
File: ./figures/Fig5.pdf Graphic file (type pdf)

<use ./figures/Fig5.pdf>
Package pdftex.def Info: ./figures/Fig5.pdf used on input line 797.
(pdftex.def)             Requested size: 260.17465pt x 229.5626pt.
 [54]
<./figures/Fig6_Dec15.pdf, id=2363, 588.41847pt x 839.44243pt>
File: ./figures/Fig6_Dec15.pdf Graphic file (type pdf)

<use ./figures/Fig6_Dec15.pdf>
Package pdftex.def Info: ./figures/Fig6_Dec15.pdf used on input line 813.
(pdftex.def)             Requested size: 260.17465pt x 371.16187pt.
 [55 <./figures/Fig5.pdf>] [56 <./figures/Fig6_Dec15.pdf>] [57]
Overfull \hbox (6.79999pt too wide) in paragraph at lines 846--851
[] 
 []

[58] [59]

Package amsmath Warning: Foreign command \atopwithdelims;
(amsmath)                \frac or \genfrac should be used instead
(amsmath)                 on input line 875.

[60] [61] <./figures/Detect.png, id=2641, 803.0pt x 637.38126pt>
File: ./figures/Detect.png Graphic file (type png)

<use ./figures/Detect.png>
Package pdftex.def Info: ./figures/Detect.png used on input line 913.
(pdftex.def)             Requested size: 346.89732pt x 275.35239pt.
 [62] [63 <./figures/Detect.png>] [64]
Chapter 3.

Overfull \hbox (19.29605pt too wide) in paragraph at lines 924--924
 |\OT1/ptm/b/n/20.74 Network com-pres-sion for com-mu-nity de-tec-tion with 
 []


Overfull \hbox (6.79999pt too wide) in paragraph at lines 926--931
[] 
 []

[65

] <./figures/hamilton.png, id=2671, 815.6874pt x 365.2044pt>
File: ./figures/hamilton.png Graphic file (type png)

<use ./figures/hamilton.png>
Package pdftex.def Info: ./figures/hamilton.png used on input line 940.
(pdftex.def)             Requested size: 260.17465pt x 116.48886pt.
 [66 <./figures/hamilton.png>]

LaTeX Font Warning: Command \small invalid in math mode on input line 962.

LaTeX Font Info:    Calculating math sizes for size <> on input line 963.

LaTeX Font Warning: Font shape `OT1/cmr/m/n' in size <> not available
(Font)              size <5> substituted on input line 963.


LaTeX Font Warning: Font shape `OT1/cmr/m/n' in size <0.7> not available
(Font)              size <5> substituted on input line 963.


LaTeX Font Warning: Font shape `OT1/cmr/m/n' in size <0.5> not available
(Font)              size <5> substituted on input line 963.


LaTeX Font Warning: Font shape `OML/cmm/m/it' in size <> not available
(Font)              size <5> substituted on input line 963.


LaTeX Font Warning: Font shape `OML/cmm/m/it' in size <0.7> not available
(Font)              size <5> substituted on input line 963.


LaTeX Font Warning: Font shape `OML/cmm/m/it' in size <0.5> not available
(Font)              size <5> substituted on input line 963.


LaTeX Font Warning: Font shape `OMS/cmsy/m/n' in size <> not available
(Font)              size <5> substituted on input line 963.


LaTeX Font Warning: Font shape `OMS/cmsy/m/n' in size <0.7> not available
(Font)              size <5> substituted on input line 963.


LaTeX Font Warning: Font shape `OMS/cmsy/m/n' in size <0.5> not available
(Font)              size <5> substituted on input line 963.


LaTeX Font Warning: Font shape `OT1/cmr/bx/n' in size <> not available
(Font)              size <5> substituted on input line 963.


LaTeX Font Warning: Font shape `OT1/cmr/bx/n' in size <0.7> not available
(Font)              size <5> substituted on input line 963.


LaTeX Font Warning: Font shape `OT1/cmr/bx/n' in size <0.5> not available
(Font)              size <5> substituted on input line 963.

[67] [68] [69] [70]
<./figures/Schematic_smaller.pdf, id=2726, 807.8912pt x 287.69781pt>
File: ./figures/Schematic_smaller.pdf Graphic file (type pdf)

<use ./figures/Schematic_smaller.pdf>
Package pdftex.def Info: ./figures/Schematic_smaller.pdf used on input line 989
.
(pdftex.def)             Requested size: 403.94461pt x 143.84856pt.
 [71 <./figures/Schematic_smaller.pdf>]
[72] <./figures/Synthetic.pdf, id=2776, 405.72491pt x 402.57712pt>
File: ./figures/Synthetic.pdf Graphic file (type pdf)

<use ./figures/Synthetic.pdf>
Package pdftex.def Info: ./figures/Synthetic.pdf used on input line 1013.
(pdftex.def)             Requested size: 216.81pt x 215.12784pt.
 [73 <./figures/Synthetic.pdf>] [74] [75]
<./figures/Conceptual.pdf, id=2814, 925.73367pt x 373.2098pt>
File: ./figures/Conceptual.pdf Graphic file (type pdf)

<use ./figures/Conceptual.pdf>
Package pdftex.def Info: ./figures/Conceptual.pdf used on input line 1068.
(pdftex.def)             Requested size: 462.8657pt x 186.60443pt.

Overfull \hbox (29.2457pt too wide) in paragraph at lines 1068--1069
 [] 
 []

<./figures/NMI_UnderSeg.pdf, id=2823, 898.48154pt x 410.8104pt>
File: ./figures/NMI_UnderSeg.pdf Graphic file (type pdf)

<use ./figures/NMI_UnderSeg.pdf>
Package pdftex.def Info: ./figures/NMI_UnderSeg.pdf used on input line 1079.
(pdftex.def)             Requested size: 449.23967pt x 205.4047pt.

Overfull \hbox (15.61966pt too wide) in paragraph at lines 1079--1080
 [][] 
 []

[76] [77 <./figures/Conceptual.pdf>] [78]
<./figures/RunTime.pdf, id=2875, 725.34018pt x 244.7301pt>
File: ./figures/RunTime.pdf Graphic file (type pdf)

<use ./figures/RunTime.pdf>
Package pdftex.def Info: ./figures/RunTime.pdf used on input line 1093.
(pdftex.def)             Requested size: 507.73466pt x 171.3099pt.

Overfull \hbox (74.11465pt too wide) in paragraph at lines 1093--1094
 [][] 
 []

[79 <./figures/NMI_UnderSeg.pdf>] [80 <./figures/RunTime.pdf>]
<./figures/VariabilityFigBoth.pdf, id=2948, 903.76053pt x 378.87718pt>
File: ./figures/VariabilityFigBoth.pdf Graphic file (type pdf)

<use ./figures/VariabilityFigBoth.pdf>
Package pdftex.def Info: ./figures/VariabilityFigBoth.pdf used on input line 11
05.
(pdftex.def)             Requested size: 632.62805pt x 265.21222pt.

Overfull \hbox (199.00804pt too wide) in paragraph at lines 1105--1106
 [] 
 []

[81 <./figures/VariabilityFigBoth.pdf>]
<./figures/FinalAUC.pdf, id=2983, 865.84134pt x 403.0766pt>
File: ./figures/FinalAUC.pdf Graphic file (type pdf)

<use ./figures/FinalAUC.pdf>
Package pdftex.def Info: ./figures/FinalAUC.pdf used on input line 1119.
(pdftex.def)             Requested size: 432.9196pt x 201.5378pt.
 [82] [83 <./figures/FinalAUC.pdf>] [84]
Chapter 4.

Overfull \hbox (6.79999pt too wide) in paragraph at lines 1132--1137
[] 
 []

[85

] [86] [87] <./figures/GraphModel.pdf, id=3081, 311.1625pt x 125.46875pt>
File: ./figures/GraphModel.pdf Graphic file (type pdf)

<use ./figures/GraphModel.pdf>
Package pdftex.def Info: ./figures/GraphModel.pdf used on input line 1163.
(pdftex.def)             Requested size: 217.81226pt x 87.82751pt.
 [88] [89 <./figures/GraphModel.pdf>] [90]
[91] <./figures/SyntheticFig.pdf, id=3157, 470.75874pt x 274.02374pt>
File: ./figures/SyntheticFig.pdf Graphic file (type pdf)

<use ./figures/SyntheticFig.pdf>
Package pdftex.def Info: ./figures/SyntheticFig.pdf used on input line 1297.
(pdftex.def)             Requested size: 376.60751pt x 219.21928pt.


LaTeX Warning: `!h' float specifier changed to `!ht'.

[92] [93 <./figures/SyntheticFig.pdf>]
<./figures/DetectExp.pdf, id=3206, 433.62pt x 361.35pt>
File: ./figures/DetectExp.pdf Graphic file (type pdf)

<use ./figures/DetectExp.pdf>
Package pdftex.def Info: ./figures/DetectExp.pdf used on input line 1311.
(pdftex.def)             Requested size: 260.17401pt x 216.81168pt.
 [94 <./figures/DetectExp.pdf>]
Underfull \hbox (badness 10000) in paragraph at lines 1330--1331

 []

[95] [96] [97] [98]
<./figures/MicrobiomeNets_Dec12.pdf, id=3257, 576.1525pt x 269.005pt>
File: ./figures/MicrobiomeNets_Dec12.pdf Graphic file (type pdf)

<use ./figures/MicrobiomeNets_Dec12.pdf>
Package pdftex.def Info: ./figures/MicrobiomeNets_Dec12.pdf used on input line 
1371.
(pdftex.def)             Requested size: 403.30399pt x 188.3022pt.

<ROC_Microbiome.pdf, id=3259, 407.31653pt x 368.4996pt>
File: ROC_Microbiome.pdf Graphic file (type pdf)

<use ROC_Microbiome.pdf>
Package pdftex.def Info: ROC_Microbiome.pdf used on input line 1382.
(pdftex.def)             Requested size: 216.81pt x 196.14728pt.

<./figures/CollabFilterMicro.pdf, id=3261, 433.62pt x 433.62pt>
File: ./figures/CollabFilterMicro.pdf Graphic file (type pdf)

<use ./figures/CollabFilterMicro.pdf>
Package pdftex.def Info: ./figures/CollabFilterMicro.pdf used on input line 139
2.
(pdftex.def)             Requested size: 303.53192pt x 303.53192pt.
 [99 <./figures/MicrobiomeNets_Dec12.pdf>]

LaTeX Warning: `!h' float specifier changed to `!ht'.

[100 <./ROC_Microbiome.pdf, page is rotated 90 degrees>]
<./figures/ProteinNet_Dec12.pdf, id=3329, 740.7675pt x 342.27875pt>
File: ./figures/ProteinNet_Dec12.pdf Graphic file (type pdf)

<use ./figures/ProteinNet_Dec12.pdf>
Package pdftex.def Info: ./figures/ProteinNet_Dec12.pdf used on input line 1403
.
(pdftex.def)             Requested size: 518.5337pt x 239.59348pt.

Overfull \hbox (84.9137pt too wide) in paragraph at lines 1403--1404
 [] 
 []


LaTeX Warning: `!h' float specifier changed to `!ht'.

[101 <./figures/CollabFilterMicro.pdf>]
<./figures/EntropyCalc_6Classleft_2classright.pdf, id=3345, 578.16pt x 361.35pt
>
File: ./figures/EntropyCalc_6Classleft_2classright.pdf Graphic file (type pdf)
 <use ./figures/EntropyCalc_6Classleft_2classright.pdf>
Package pdftex.def Info: ./figures/EntropyCalc_6Classleft_2classright.pdf used 
on input line 1417.
(pdftex.def)             Requested size: 404.70924pt x 252.94327pt.
 [102 <./figures/ProteinNet_Dec12.pdf>] [103 <./figures/EntropyCalc_6Classleft_
2classright.pdf>]
<ROC_Protein.pdf, id=3411, 410.7045pt x 373.6141pt>
File: ROC_Protein.pdf Graphic file (type pdf)
 <use ROC_Protein.pdf>
Package pdftex.def Info: ROC_Protein.pdf used on input line 1436.
(pdftex.def)             Requested size: 216.81pt x 197.2278pt.

<./figures/CollabProtein.pdf, id=3414, 433.62pt x 433.62pt>
File: ./figures/CollabProtein.pdf Graphic file (type pdf)

<use ./figures/CollabProtein.pdf>
Package pdftex.def Info: ./figures/CollabProtein.pdf used on input line 1446.
(pdftex.def)             Requested size: 303.53192pt x 303.53192pt.
 [104 <./ROC_Protein.pdf, page is rotated 90 degrees>] [105 <./figures/CollabPr
otein.pdf>] [106]
Chapter 5.

Overfull \hbox (6.39568pt too wide) in paragraph at lines 1459--1459
 |\OT1/ptm/b/n/20.74 Testing the Align-ment of Node At-tributes with Net- 
 []

[107

] [108] [109] <./figures/Schem.pdf, id=3495, 321.83035pt x 517.66519pt>
File: ./figures/Schem.pdf Graphic file (type pdf)

<use ./figures/Schem.pdf>
Package pdftex.def Info: ./figures/Schem.pdf used on input line 1493.
(pdftex.def)             Requested size: 193.09969pt x 310.6015pt.


LaTeX Warning: `!h' float specifier changed to `!ht'.

[110] [111 <./figures/Schem.pdf>] [112]
Overfull \hbox (3.06569pt too wide) in paragraph at lines 1536--1537
[]\OT1/ptm/m/n/10.95 (-20) Moreover, $\OML/cmm/m/it/10.95 H\OT1/cmr/m/n/10.95 (
\OT1/cmr/bx/n/10.95 Y[]\OT1/cmr/m/n/10.95 )$ \OT1/ptm/m/n/10.95 (-20) and $\OML
/cmm/m/it/10.95 H\OT1/cmr/m/n/10.95 (\OT1/cmr/bx/n/10.95 Y[]\OT1/cmr/m/n/10.95 
)$ \OT1/ptm/m/n/10.95 (-20) give $\OML/cmm/m/it/10.95 E$ \OT1/ptm/m/n/10.95 (-2
0) and $\OML/cmm/m/it/10.95 E[]$\OT1/ptm/m/n/10.95 (-20) , re-spec-tively. We l
et $\OMS/cmsy/m/n/10.95 E \OT1/cmr/m/n/10.95 = \OMS/cmsy/m/n/10.95 f\OML/cmm/m/
it/10.95 E[]; E[]; [] E[]\OMS/cmsy/m/n/10.95 g$
 []


Package hyperref Warning: Token not allowed in a PDF string (PDFDocEncoding):
(hyperref)                removing `math shift' on input line 1538.


Package hyperref Warning: Token not allowed in a PDF string (PDFDocEncoding):
(hyperref)                removing `math shift' on input line 1538.

[113] <./figures/SimpleSynthetic.pdf, id=3546, 986.56575pt x 308.44495pt>
File: ./figures/SimpleSynthetic.pdf Graphic file (type pdf)

<use ./figures/SimpleSynthetic.pdf>
Package pdftex.def Info: ./figures/SimpleSynthetic.pdf used on input line 1561.

(pdftex.def)             Requested size: 390.25536pt x 122.01091pt.
 [114] [115 <./figures/SimpleSynthetic.pdf>] <./figures/BestCompare.pdf, id=359
6, 997.7422pt x 317.66791pt>
File: ./figures/BestCompare.pdf Graphic file (type pdf)

<use ./figures/BestCompare.pdf>
Package pdftex.def Info: ./figures/BestCompare.pdf used on input line 1585.
(pdftex.def)             Requested size: 390.25536pt x 124.25352pt.
 [116] [117 <./figures/BestCompare.pdf>]
<./figures/PinPout.pdf, id=3635, 664.72247pt x 296.90562pt>
File: ./figures/PinPout.pdf Graphic file (type pdf)

<use ./figures/PinPout.pdf>
Package pdftex.def Info: ./figures/PinPout.pdf used on input line 1599.
(pdftex.def)             Requested size: 390.25536pt x 174.31201pt.
 [118 <./figures/PinPout.pdf>]
<./figures/MakerDist.pdf, id=3670, 988.38321pt x 312.30525pt>
File: ./figures/MakerDist.pdf Graphic file (type pdf)

<use ./figures/MakerDist.pdf>
Package pdftex.def Info: ./figures/MakerDist.pdf used on input line 1611.
(pdftex.def)             Requested size: 494.1904pt x 156.15224pt.

Overfull \hbox (60.57039pt too wide) in paragraph at lines 1611--1612
 [] 
 []

<./figures/MassCytometry.pdf, id=3672, 740.73141pt x 724.70273pt>
File: ./figures/MassCytometry.pdf Graphic file (type pdf)

<use ./figures/MassCytometry.pdf>
Package pdftex.def Info: ./figures/MassCytometry.pdf used on input line 1621.
(pdftex.def)             Requested size: 346.89732pt x 339.39394pt.
 [119] [120 <./figures/MakerDist.pdf>]
[121 <./figures/MassCytometry.pdf>]
<./figures/MakerRank.pdf, id=3762, 519.9425pt x 519.9425pt>
File: ./figures/MakerRank.pdf Graphic file (type pdf)

<use ./figures/MakerRank.pdf>
Package pdftex.def Info: ./figures/MakerRank.pdf used on input line 1633.
(pdftex.def)             Requested size: 346.89732pt x 346.89194pt.


LaTeX Warning: `!h' float specifier changed to `!ht'.

[122] [123 <./figures/MakerRank.pdf>] [124]
Chapter 6.

Overfull \hbox (10.29417pt too wide) in paragraph at lines 1647--1647
 |\OT1/ptm/b/n/20.74 A net-work ap-proach to un-der-stand-ing mi-cro-biome 
 []


Overfull \hbox (6.79999pt too wide) in paragraph at lines 1649--1654
[] 
 []

[125

] [126] <./figures/ALINet.pdf, id=3805, 521.64705pt x 299.40419pt>
File: ./figures/ALINet.pdf Graphic file (type pdf)

<use ./figures/ALINet.pdf>
Package pdftex.def Info: ./figures/ALINet.pdf used on input line 1671.
(pdftex.def)             Requested size: 303.53267pt x 174.22104pt.
 [127 <./figures/ALINet.pdf>]

LaTeX Warning: No positions in optional float specifier.
               Default added (so using `tbp') on input line 1681.

[128] <./figures/Function.pdf, id=3837, 1027.84pt x 770.88pt>
File: ./figures/Function.pdf Graphic file (type pdf)

<use ./figures/Function.pdf>
Package pdftex.def Info: ./figures/Function.pdf used on input line 1703.
(pdftex.def)             Requested size: 390.25536pt x 292.69043pt.


LaTeX Warning: `!h' float specifier changed to `!ht'.

[129] [130 <./figures/Function.pdf>]
Chapter 7.
[131

] [132] [133] [134] [135] (./common/references.tex [136] (./diss.bbl
[137

] [138] [139] [140] [141] [142] [143] [144] [145]))

Package natbib Warning: There were undefined citations.

Package atveryend Info: Empty hook `BeforeClearDocument' on input line 1756.
[146]
Package atveryend Info: Empty hook `AfterLastShipout' on input line 1756.
 (./diss.aux)
Package atveryend Info: Executing hook `AtVeryEndDocument' on input line 1756.
Package atveryend Info: Executing hook `AtEndAfterFileList' on input line 1756.

Package rerunfilecheck Info: File `diss.out' has not changed.
(rerunfilecheck)             Checksum: 4D4FEDEA655F9B92EC05098662E7F7A5;11300.


LaTeX Font Warning: Size substitutions with differences
(Font)              up to 4.5pt have occurred.


LaTeX Warning: Label(s) may have changed. Rerun to get cross-references right.

Package atveryend Info: Empty hook `AtVeryVeryEnd' on input line 1756.
 ) 
Here is how much of TeX's memory you used:
 14055 strings out of 493633
 207808 string characters out of 3143378
 449699 words of memory out of 3000000
 16171 multiletter control sequences out of 15000+200000
 56937 words of font info for 283 fonts, out of 3000000 for 9000
 832 hyphenation exceptions out of 8191
 43i,17n,38p,3720b,760s stack positions out of 5000i,500n,10000p,200000b,50000s
{/usr/local/texlive/2011/texmf-dist/fonts/enc/dvips/base/8r.enc}</usr/local/t
exlive/2011/texmf-dist/fonts/type1/public/amsfonts/cm/cmbx10.pfb></usr/local/te
xlive/2011/texmf-dist/fonts/type1/public/amsfonts/cm/cmbx8.pfb></usr/local/texl
ive/2011/texmf-dist/fonts/type1/public/amsfonts/cm/cmex10.pfb></usr/local/texli
ve/2011/texmf-dist/fonts/type1/public/amsfonts/cm/cmmi10.pfb></usr/local/texliv
e/2011/texmf-dist/fonts/type1/public/amsfonts/cm/cmmi12.pfb></usr/local/texlive
/2011/texmf-dist/fonts/type1/public/amsfonts/cm/cmmi5.pfb></usr/local/texlive/2
011/texmf-dist/fonts/type1/public/amsfonts/cm/cmmi6.pfb></usr/local/texlive/201
1/texmf-dist/fonts/type1/public/amsfonts/cm/cmmi7.pfb></usr/local/texlive/2011/
texmf-dist/fonts/type1/public/amsfonts/cm/cmmi8.pfb></usr/local/texlive/2011/te
xmf-dist/fonts/type1/public/amsfonts/cm/cmmib10.pfb></usr/local/texlive/2011/te
xmf-dist/fonts/type1/public/amsfonts/cm/cmr10.pfb></usr/local/texlive/2011/texm
f-dist/fonts/type1/public/amsfonts/cm/cmr7.pfb></usr/local/texlive/2011/texmf-d
ist/fonts/type1/public/amsfonts/cm/cmr8.pfb></usr/local/texlive/2011/texmf-dist
/fonts/type1/public/amsfonts/cm/cmsy10.pfb></usr/local/texlive/2011/texmf-dist/
fonts/type1/public/amsfonts/cm/cmsy8.pfb></usr/local/texlive/2011/texmf-dist/fo
nts/type1/urw/courier/ucrr8a.pfb></usr/local/texlive/2011/texmf-dist/fonts/type
1/urw/courier/ucrro8a.pfb></usr/local/texlive/2011/texmf-dist/fonts/type1/urw/t
imes/utmb8a.pfb></usr/local/texlive/2011/texmf-dist/fonts/type1/urw/times/utmbi
8a.pfb></usr/local/texlive/2011/texmf-dist/fonts/type1/urw/times/utmr8a.pfb></u
sr/local/texlive/2011/texmf-dist/fonts/type1/urw/times/utmri8a.pfb>
Output written on diss.pdf (171 pages, 9302568 bytes).
PDF statistics:
 4144 PDF objects out of 4296 (max. 8388607)
 3504 compressed objects within 36 object streams
 598 named destinations out of 1000 (max. 500000)
 37136 words of extra memory for PDF output out of 42996 (max. 10000000)

