\BOOKMARK [0][-]{section*.1}{LIST OF TABLES}{}% 1
\BOOKMARK [0][-]{section*.2}{LIST OF FIGURES}{}% 2
\BOOKMARK [0][-]{section*.3}{LIST OF ABBREVIATIONS}{}% 3
\BOOKMARK [0][-]{chapter.1}{Introduction}{}% 4
\BOOKMARK [1][-]{section.1.1}{Network Notation,Representation, and Summarization}{chapter.1}% 5
\BOOKMARK [2][-]{subsection.1.1.1}{Representing relational information}{section.1.1}% 6
\BOOKMARK [2][-]{subsection.1.1.2}{Network Summary Statistics}{section.1.1}% 7
\BOOKMARK [3][-]{subsubsection.1.1.2.1}{Building a network to illustrate summary statistics}{subsection.1.1.2}% 8
\BOOKMARK [3][-]{subsubsection.1.1.2.2}{Degree Distribution}{subsection.1.1.2}% 9
\BOOKMARK [3][-]{subsubsection.1.1.2.3}{Centrality and network hubs}{subsection.1.1.2}% 10
\BOOKMARK [1][-]{section.1.2}{Conceptual Overview of Community Detection}{chapter.1}% 11
\BOOKMARK [1][-]{section.1.3}{Introduction to community detection}{chapter.1}% 12
\BOOKMARK [2][-]{subsection.1.3.1}{Quality function maximization with modularity}{section.1.3}% 13
\BOOKMARK [2][-]{subsection.1.3.2}{Identifying communities with probabilistic approaches}{section.1.3}% 14
\BOOKMARK [2][-]{subsection.1.3.3}{Deep Learning Approaches}{section.1.3}% 15
\BOOKMARK [2][-]{subsection.1.3.4}{Spectral community detection methods}{section.1.3}% 16
\BOOKMARK [2][-]{subsection.1.3.5}{Higher order network analysis}{section.1.3}% 17
\BOOKMARK [1][-]{section.1.4}{Community detection in computational biology}{chapter.1}% 18
\BOOKMARK [2][-]{subsection.1.4.1}{Immunological profiling to establish a pregnancy immune clock}{section.1.4}% 19
\BOOKMARK [2][-]{subsection.1.4.2}{Uncovering differences in microbiome community structure in patients with inflammatory bowel disease}{section.1.4}% 20
\BOOKMARK [2][-]{subsection.1.4.3}{Community detection for analysis of flow cytometry data}{section.1.4}% 21
\BOOKMARK [2][-]{subsection.1.4.4}{Understanding genetic diversity of the malaria parasite genes}{section.1.4}% 22
\BOOKMARK [2][-]{subsection.1.4.5}{Analysis of high dimensional single cell data for tumor heterogenity}{section.1.4}% 23
\BOOKMARK [2][-]{subsection.1.4.6}{Identification of virulence factor genes related to antibiotic resistance of uropathogenic E. coli}{section.1.4}% 24
\BOOKMARK [1][-]{section.1.5}{Challenging problems in community detection}{chapter.1}% 25
\BOOKMARK [2][-]{subsection.1.5.1}{Temporal Networks}{section.1.5}% 26
\BOOKMARK [2][-]{subsection.1.5.2}{Multilayer networks}{section.1.5}% 27
\BOOKMARK [2][-]{subsection.1.5.3}{Network Comparison}{section.1.5}% 28
\BOOKMARK [2][-]{subsection.1.5.4}{Large Networks}{section.1.5}% 29
\BOOKMARK [2][-]{subsection.1.5.5}{Attributed Networks}{section.1.5}% 30
\BOOKMARK [1][-]{section.1.6}{Thesis Contribution and Outline}{chapter.1}% 31
\BOOKMARK [0][-]{chapter.2}{Probabilistic community detection models and inference techniques}{}% 32
\BOOKMARK [1][-]{section.2.1}{Probabilistic graphical models for statistical inference}{chapter.2}% 33
\BOOKMARK [1][-]{section.2.2}{Stochastic block model}{chapter.2}% 34
\BOOKMARK [2][-]{subsection.2.2.1}{Most general stochastic block model}{section.2.2}% 35
\BOOKMARK [2][-]{subsection.2.2.2}{Variants to the Classic Stochastic Block Model}{section.2.2}% 36
\BOOKMARK [1][-]{section.2.3}{Affiliation model and inference}{chapter.2}% 37
\BOOKMARK [0][-]{chapter.3}{A multilayer stochastic block model}{}% 38
\BOOKMARK [1][-]{section.3.1}{Introduction to multilayer networks}{chapter.3}% 39
\BOOKMARK [1][-]{section.3.2}{Comparing network layers based on community structure}{chapter.3}% 40
\BOOKMARK [1][-]{section.3.3}{Related work in community detection of multilayer networks}{chapter.3}% 41
\BOOKMARK [1][-]{section.3.4}{A Summary of Novel Contributions of sMLSBM}{chapter.3}% 42
\BOOKMARK [1][-]{section.3.5}{sMLSBM Model Definition}{chapter.3}% 43
\BOOKMARK [1][-]{section.3.6}{Inference for learning model parameters of sMLSBM}{chapter.3}% 44
\BOOKMARK [1][-]{section.3.7}{Synthetic Examples}{chapter.3}% 45
\BOOKMARK [2][-]{subsection.3.7.1}{Comparison of sMLSBM to other SBM Approaches}{section.3.7}% 46
\BOOKMARK [2][-]{subsection.3.7.2}{Synthetic Experiment with Two Strata}{section.3.7}% 47
\BOOKMARK [1][-]{section.3.8}{Human Microbiome Project Example}{chapter.3}% 48
\BOOKMARK [2][-]{subsection.3.8.1}{Comparison of sMLSBM to multilayer network reducibility}{section.3.8}% 49
\BOOKMARK [2][-]{subsection.3.8.2}{Generating samples from the fitted sMLSBM}{section.3.8}% 50
\BOOKMARK [1][-]{section.3.9}{Concluding remarks for sMLSBM}{chapter.3}% 51
\BOOKMARK [1][-]{section.3.10}{Detectability in a single stratum}{chapter.3}% 52
\BOOKMARK [2][-]{subsection.3.10.1}{Investigating detectability in a multilayer network}{section.3.10}% 53
\BOOKMARK [2][-]{subsection.3.10.2}{Studying detectability in two block networks}{section.3.10}% 54
\BOOKMARK [2][-]{subsection.3.10.3}{Using random matrix theory to study detectability}{section.3.10}% 55
\BOOKMARK [0][-]{chapter.4}{Network compression for community detection with super nodes}{}% 56
\BOOKMARK [1][-]{section.4.1}{Super pixel pre-processing of images}{chapter.4}% 57
\BOOKMARK [1][-]{section.4.2}{Super node pre-processing for networks}{chapter.4}% 58
\BOOKMARK [1][-]{section.4.3}{2-Core decomposition approach for selecting seeds as community centers}{chapter.4}% 59
\BOOKMARK [1][-]{section.4.4}{Creating a super node network representaion}{chapter.4}% 60
\BOOKMARK [1][-]{section.4.5}{Social network data examples}{chapter.4}% 61
\BOOKMARK [1][-]{section.4.6}{Benefits of a compressed representation: run time, variability, neighborhood smoothing}{chapter.4}% 62
\BOOKMARK [0][-]{chapter.5}{An attributed stochastic block model}{}% 63
\BOOKMARK [1][-]{section.5.1}{Examples of attributed networks}{chapter.5}% 64
\BOOKMARK [1][-]{section.5.2}{Models and inference for attributed networks}{chapter.5}% 65
\BOOKMARK [1][-]{section.5.3}{Alignment of attributes with communities}{chapter.5}% 66
\BOOKMARK [1][-]{section.5.4}{Approaches to an attributed stochastic block model}{chapter.5}% 67
\BOOKMARK [1][-]{section.5.5}{A model of conditional independence between attributes and connectivity}{chapter.5}% 68
\BOOKMARK [1][-]{section.5.6}{Learning the model parameters}{chapter.5}% 69
\BOOKMARK [1][-]{section.5.7}{Example on a synthetic attributed network}{chapter.5}% 70
\BOOKMARK [1][-]{section.5.8}{Detectability limits in attributed networks}{chapter.5}% 71
\BOOKMARK [1][-]{section.5.9}{Case studies for attributed networks}{chapter.5}% 72
\BOOKMARK [1][-]{section.5.10}{Attributed SBM in link prediction}{chapter.5}% 73
\BOOKMARK [1][-]{section.5.11}{Attributed SBM in collaborative filtering}{chapter.5}% 74
\BOOKMARK [0][-]{chapter.6}{Community detection for understanding burn inhalation injury}{}% 75
\BOOKMARK [0][-]{chapter.7}{Conclusion and future work}{}% 76
\BOOKMARK [0][-]{section*.4}{BIBLIOGRAPHY}{}% 77
